<?xml version="1.0" encoding="UTF-8"?>
<!-- Generated by org.testng.reporters.JUnitXMLReporter -->
<testsuite hostname="Naseem-PC" ignored="0" name="Test" tests="6" failures="0" timestamp="2021-02-18T08:54:35 EST" time="0.087" errors="0">
  <testcase name="IOSApps" time="0.01" classname="com.bit.test.AppiumTest"/>
  <testcase name="NativeAPpAndroid" time="0.003" classname="com.bit.test.AppiumTest"/>
  <testcase name="BrowserAutomation" time="0.002" classname="com.bit.test.SeleniumTest"/>
  <testcase name="elementsUi" time="0.002" classname="com.bit.test.SeleniumTest"/>
  <testcase name="deleteTwitter" time="0.002" classname="com.bit.test.RESTAPITest"/>
  <testcase name="postjira" time="0.002" classname="com.bit.test.RESTAPITest"/>
</testsuite> <!-- Test -->
