<?xml version="1.0" encoding="UTF-8"?>
<testng-results skipped="0" failed="0" ignored="0" total="6" passed="6">
  <reporter-output>
  </reporter-output>
  <suite name="Suite" duration-ms="87" started-at="2021-02-18T08:54:35 EST" finished-at="2021-02-18T08:54:35 EST">
    <groups>
    </groups>
    <test name="Test" duration-ms="87" started-at="2021-02-18T08:54:35 EST" finished-at="2021-02-18T08:54:35 EST">
      <class name="com.bit.test.RESTAPITest">
        <test-method status="PASS" signature="deleteTwitter()[pri:0, instance:com.bit.test.RESTAPITest@1a1d6a08]" name="deleteTwitter" duration-ms="2" started-at="2021-02-18T08:54:35 EST" finished-at="2021-02-18T08:54:35 EST">
          <reporter-output>
          </reporter-output>
        </test-method> <!-- deleteTwitter -->
        <test-method status="PASS" signature="postjira()[pri:0, instance:com.bit.test.RESTAPITest@1a1d6a08]" name="postjira" duration-ms="2" started-at="2021-02-18T08:54:35 EST" finished-at="2021-02-18T08:54:35 EST">
          <reporter-output>
          </reporter-output>
        </test-method> <!-- postjira -->
      </class> <!-- com.bit.test.RESTAPITest -->
      <class name="com.bit.test.AppiumTest">
        <test-method status="PASS" signature="IOSApps()[pri:0, instance:com.bit.test.AppiumTest@36b4cef0]" name="IOSApps" duration-ms="10" started-at="2021-02-18T08:54:35 EST" finished-at="2021-02-18T08:54:35 EST">
          <reporter-output>
          </reporter-output>
        </test-method> <!-- IOSApps -->
        <test-method status="PASS" signature="NativeAPpAndroid()[pri:0, instance:com.bit.test.AppiumTest@36b4cef0]" name="NativeAPpAndroid" duration-ms="3" started-at="2021-02-18T08:54:35 EST" finished-at="2021-02-18T08:54:35 EST">
          <reporter-output>
          </reporter-output>
        </test-method> <!-- NativeAPpAndroid -->
      </class> <!-- com.bit.test.AppiumTest -->
      <class name="com.bit.test.SeleniumTest">
        <test-method status="PASS" signature="BrowserAutomation()[pri:0, instance:com.bit.test.SeleniumTest@fad74ee]" name="BrowserAutomation" duration-ms="2" started-at="2021-02-18T08:54:35 EST" finished-at="2021-02-18T08:54:35 EST">
          <reporter-output>
          </reporter-output>
        </test-method> <!-- BrowserAutomation -->
        <test-method status="PASS" signature="elementsUi()[pri:0, instance:com.bit.test.SeleniumTest@fad74ee]" name="elementsUi" duration-ms="2" started-at="2021-02-18T08:54:35 EST" finished-at="2021-02-18T08:54:35 EST">
          <reporter-output>
          </reporter-output>
        </test-method> <!-- elementsUi -->
      </class> <!-- com.bit.test.SeleniumTest -->
    </test> <!-- Test -->
  </suite> <!-- Suite -->
</testng-results>
